<?xml version="1.0" encoding="UTF-8"?>
<!-- Generated by org.testng.reporters.JUnitReportReporter -->
<testsuite skipped="1" hostname="DESKTOP-3SL4LUB" name="com.w2a.testcases.AddCustomerTest" tests="4" failures="0" timestamp="07 Nov 2019 10:53:28 GMT" time="13.248" errors="0">
  <testcase name="addCustomerTest" time="0.002" classname="com.w2a.testcases.AddCustomerTest">
    <skipped/>
  </testcase> <!-- addCustomerTest -->
  <testcase name="addCustomerTest" time="4.578" classname="com.w2a.testcases.AddCustomerTest"/>
  <testcase name="addCustomerTest" time="4.329" classname="com.w2a.testcases.AddCustomerTest"/>
  <testcase name="addCustomerTest" time="4.339" classname="com.w2a.testcases.AddCustomerTest"/>
</testsuite> <!-- com.w2a.testcases.AddCustomerTest -->
