<?xml version="1.0" encoding="UTF-8"?>
<!-- Generated by org.testng.reporters.JUnitReportReporter -->
<testsuite hostname="9NWBY93-METO" failures="0" tests="2" name="com.m2a.testcases.TFLogin" time="0.011" errors="0" timestamp="2023-02-14T10:32:15 PET" skipped="0">
  <testcase classname="com.m2a.testcases.TFLogin" name="testOne" time="0.007"/>
  <system-out/>
  <testcase classname="com.m2a.testcases.TFLogin" name="appTest" time="0.004"/>
  <system-out/>
</testsuite> <!-- com.m2a.testcases.TFLogin -->
