<?xml version="1.0" encoding="UTF-8"?>
<!-- Generated by org.testng.reporters.JUnitReportReporter -->
<testsuite hostname="9NWBY93-METO" failures="0" tests="2" name="com.m2a.testcases.LoginTest" time="16.949" errors="0" timestamp="2022-08-31T11:39:56 COT" skipped="0">
  <testcase classname="com.m2a.testcases.LoginTest" name="testOne" time="16.946"/>
  <system-out/>
  <testcase classname="com.m2a.testcases.LoginTest" name="appTest" time="0.003"/>
  <system-out/>
</testsuite> <!-- com.m2a.testcases.LoginTest -->
