<?xml version="1.0" encoding="UTF-8"?>
<!-- Generated by org.testng.reporters.JUnitReportReporter -->
<testsuite skipped="0" hostname="DESKTOP-3SL4LUB" name="com.w2a.testcases.OpenAccountTest" tests="1" failures="0" timestamp="07 Nov 2019 10:53:28 GMT" time="2.419" errors="0">
  <testcase name="openAccountTest" time="2.419" classname="com.w2a.testcases.OpenAccountTest"/>
</testsuite> <!-- com.w2a.testcases.OpenAccountTest -->
