<?xml version="1.0" encoding="UTF-8"?>
<!-- Generated by org.testng.reporters.JUnitReportReporter -->
<testsuite hostname="9NWBY93-METO" failures="0" tests="2" name="com.w2a.testcases.LoginTest" time="11.285" errors="0" timestamp="2022-08-10T17:14:35 COT" skipped="0">
  <testcase classname="com.w2a.testcases.LoginTest" name="appTest" time="0.001"/>
  <system-out/>
  <testcase classname="com.w2a.testcases.LoginTest" name="testOne" time="11.284"/>
  <system-out/>
</testsuite> <!-- com.w2a.testcases.LoginTest -->
