<?xml version="1.0" encoding="UTF-8"?>
<!-- Generated by org.testng.reporters.JUnitReportReporter -->
<testsuite hostname="9NWBY93-METO" failures="0" tests="1" name="com.m2a.testapi.TestAPI_CalcularTasa" time="2.901" errors="0" timestamp="2022-11-15T18:48:54 PET" skipped="0">
  <testcase classname="com.m2a.testapi.TestAPI_CalcularTasa" name="start" time="2.901"/>
  <system-out/>
</testsuite> <!-- com.m2a.testapi.TestAPI_CalcularTasa -->
