<?xml version="1.0" encoding="UTF-8"?>
<!-- Generated by org.testng.reporters.JUnitReportReporter -->
<testsuite skipped="0" hostname="DESKTOP-3SL4LUB" name="com.w2a.testcases.BankManagerLoginTest" tests="1" failures="0" timestamp="07 Nov 2019 10:53:28 GMT" time="3.590" errors="0">
  <testcase name="bankManagerLoginTest" time="3.590" classname="com.w2a.testcases.BankManagerLoginTest"/>
</testsuite> <!-- com.w2a.testcases.BankManagerLoginTest -->
